<?xml version="1.0" encoding="UTF-8"?>
<testsuite name="io.bugsbunny.restclient.MLFlowRunClientTests" tests="4" skipped="0" failures="0" errors="0" timestamp="2020-07-09T15:48:13" hostname="Babys-MacBook-Pro.local" time="0.231">
  <properties/>
  <testcase name="testGetExperiments()" classname="io.bugsbunny.restclient.MLFlowRunClientTests" time="0.182"/>
  <testcase name="testCreateExperiment()" classname="io.bugsbunny.restclient.MLFlowRunClientTests" time="0.027"/>
  <testcase name="testCreateRun()" classname="io.bugsbunny.restclient.MLFlowRunClientTests" time="0.013"/>
  <testcase name="testGetRun()" classname="io.bugsbunny.restclient.MLFlowRunClientTests" time="0.009"/>
  <system-out><![CDATA[]]></system-out>
  <system-err><![CDATA[Jul 09, 2020 10:48:13 AM io.bugsbunny.restclient.MLFlowRunClient getExperiments
INFO: ***RESPONSE***
Jul 09, 2020 10:48:13 AM io.bugsbunny.restclient.MLFlowRunClient getExperiments
INFO: BODY: {
  "experiments": [
    {
      "experiment_id": "0",
      "name": "Default",
      "artifact_location": "./mlruns/0",
      "lifecycle_stage": "active"
    },
    {
      "experiment_id": "1",
      "name": "AppGal",
      "artifact_location": "./mlruns/1",
      "lifecycle_stage": "active"
    }
  ]
}
Jul 09, 2020 10:48:13 AM io.bugsbunny.restclient.MLFlowRunClient getExperiments
INFO: STATUS: 200
Jul 09, 2020 10:48:13 AM io.bugsbunny.restclient.MLFlowRunClient getExperiments
INFO: **************
Jul 09, 2020 10:48:13 AM io.bugsbunny.restclient.MLFlowRunClient createExperiment
INFO: ***RESPONSE***
Jul 09, 2020 10:48:13 AM io.bugsbunny.restclient.MLFlowRunClient createExperiment
INFO: BODY: {"error_code": "RESOURCE_ALREADY_EXISTS", "message": "Experiment 'AppGal' already exists."}
Jul 09, 2020 10:48:13 AM io.bugsbunny.restclient.MLFlowRunClient createExperiment
INFO: STATUS: 400
Jul 09, 2020 10:48:13 AM io.bugsbunny.restclient.MLFlowRunClient createExperiment
INFO: **************
Jul 09, 2020 10:48:13 AM io.bugsbunny.restclient.MLFlowRunClient createRun
INFO: {
  "run": {
    "info": {
      "run_uuid": "e71dae75ff814f64bc848c853ca45a35",
      "experiment_id": "0",
      "user_id": "",
      "status": "RUNNING",
      "start_time": "1594309693633",
      "artifact_uri": "./mlruns/0/e71dae75ff814f64bc848c853ca45a35/artifacts",
      "lifecycle_stage": "active",
      "run_id": "e71dae75ff814f64bc848c853ca45a35"
    },
    "data": {}
  }
}
]]></system-err>
</testsuite>
